#
# There is insufficient memory for the Java Runtime Environment to continue.
# Native memory allocation (malloc) failed to allocate 1048576 bytes for AllocateHeap
# Possible reasons:
#   The system is out of physical RAM or swap space
#   The process is running with CompressedOops enabled, and the Java Heap may be blocking the growth of the native heap
# Possible solutions:
#   Reduce memory load on the system
#   Increase physical memory or swap space
#   Check if swap backing store is full
#   Decrease Java heap size (-Xmx/-Xms)
#   Decrease number of Java threads
#   Decrease Java thread stack sizes (-Xss)
#   Set larger code cache with -XX:ReservedCodeCacheSize=
#   JVM is running with Zero Based Compressed Oops mode in which the Java heap is
#     placed in the first 32GB address space. The Java Heap base address is the
#     maximum limit for the native heap growth. Please use -XX:HeapBaseMinAddress
#     to set the Java Heap base and to place the Java Heap above 32GB virtual address.
# This output file may be truncated or incomplete.
#
#  Out of Memory Error (memory/allocation.inline.hpp:61), pid=27164, tid=0x0000000000006a50
#
# JRE version:  (8.0_291-b10) (build )
# Java VM: Java HotSpot(TM) 64-Bit Server VM (25.291-b10 mixed mode windows-amd64 compressed oops)
# Failed to write core dump. Minidumps are not enabled by default on client versions of Windows
#

---------------  T H R E A D  ---------------

Current thread (0x00000229147e1800):  JavaThread "Unknown thread" [_thread_in_vm, id=27216, stack(0x000000291bd00000,0x000000291be00000)]

Stack: [0x000000291bd00000,0x000000291be00000]
Native frames: (J=compiled Java code, j=interpreted, Vv=VM code, C=native code)
V  [jvm.dll+0x32ea19]
V  [jvm.dll+0x275462]
V  [jvm.dll+0x27610d]
V  [jvm.dll+0x26cb45]
V  [jvm.dll+0x509d]
V  [jvm.dll+0x3c9b4c]
V  [jvm.dll+0x3c5ec7]
V  [jvm.dll+0xfcaff]
V  [jvm.dll+0x209dfb]
V  [jvm.dll+0x238827]
V  [jvm.dll+0x1625b6]
C  [javaw.exe+0x2322]
C  [javaw.exe+0x16544]
C  [KERNEL32.DLL+0x17034]
C  [ntdll.dll+0x52651]


---------------  P R O C E S S  ---------------

Java Threads: ( => current thread )

Other Threads:

=>0x00000229147e1800 (exited) JavaThread "Unknown thread" [_thread_in_vm, id=27216, stack(0x000000291bd00000,0x000000291be00000)]

VM state:not at safepoint (normal execution)

VM Mutex/Monitor currently owned by a thread: None

heap address: 0x00000006c1600000, size: 4074 MB, Compressed Oops mode: Zero based, Oop shift amount: 3
Narrow klass base: 0x0000000000000000, Narrow klass shift: 3
Compressed class space size: 1073741824 Address: 0x00000007c0000000

Heap:
 PSYoungGen      total 76288K, used 1310K [0x000000076b200000, 0x0000000770700000, 0x00000007c0000000)
  eden space 65536K, 2% used [0x000000076b200000,0x000000076b347af0,0x000000076f200000)
  from space 10752K, 0% used [0x000000076fc80000,0x000000076fc80000,0x0000000770700000)
  to   space 10752K, 0% used [0x000000076f200000,0x000000076f200000,0x000000076fc80000)
 ParOldGen       total 175104K, used 0K [0x00000006c1600000, 0x00000006cc100000, 0x000000076b200000)
  object space 175104K, 0% used [0x00000006c1600000,0x00000006c1600000,0x00000006cc100000)
 Metaspace       used 753K, capacity 4480K, committed 4480K, reserved 1056768K
  class space    used 76K, capacity 384K, committed 384K, reserved 1048576K

Card table byte_map: [0x00000229255b0000,0x0000022925db0000] byte_map_base: 0x0000022921fa5000

Marking Bits: (ParMarkBitMap*) 0x00000000630f7fe0
 Begin Bits: [0x0000022926300000, 0x000002292a2a8000)
 End Bits:   [0x000002292a2a8000, 0x000002292e250000)

Polling page: 0x0000022914930000

CodeCache: size=245760Kb used=328Kb max_used=328Kb free=245431Kb
 bounds [0x00000229161f0000, 0x0000022916460000, 0x00000229251f0000]
 total_blobs=58 nmethods=0 adapters=38
 compilation: enabled

Compilation events (0 events):
No events

GC Heap History (0 events):
No events

Deoptimization events (0 events):
No events

Classes redefined (0 events):
No events

Internal exceptions (0 events):
No events

Events (10 events):
Event: 0.164 loading class java/lang/Short
Event: 0.164 loading class java/lang/Short done
Event: 0.164 loading class java/lang/Integer
Event: 0.165 loading class java/lang/Integer done
Event: 0.165 loading class java/lang/Long
Event: 0.165 loading class java/lang/Long done
Event: 0.165 loading class java/lang/NullPointerException
Event: 0.165 loading class java/lang/NullPointerException done
Event: 0.165 loading class java/lang/ArithmeticException
Event: 0.165 loading class java/lang/ArithmeticException done


Dynamic libraries:
0x00007ff6e5bb0000 - 0x00007ff6e5bf7000 	C:\Program Files\Java\jre1.8.0_291\bin\javaw.exe
0x00007ffe762d0000 - 0x00007ffe764c5000 	C:\WINDOWS\SYSTEM32\ntdll.dll
0x00007ffe75330000 - 0x00007ffe753ed000 	C:\WINDOWS\System32\KERNEL32.DLL
0x00007ffe73ad0000 - 0x00007ffe73d99000 	C:\WINDOWS\System32\KERNELBASE.dll
0x00007ffe743b0000 - 0x00007ffe7445c000 	C:\WINDOWS\System32\ADVAPI32.dll
0x00007ffe74930000 - 0x00007ffe749ce000 	C:\WINDOWS\System32\msvcrt.dll
0x00007ffe76060000 - 0x00007ffe760fb000 	C:\WINDOWS\System32\sechost.dll
0x00007ffe75970000 - 0x00007ffe75a9a000 	C:\WINDOWS\System32\RPCRT4.dll
0x00007ffe75190000 - 0x00007ffe75330000 	C:\WINDOWS\System32\USER32.dll
0x00007ffe73a10000 - 0x00007ffe73a32000 	C:\WINDOWS\System32\win32u.dll
0x00007ffe74370000 - 0x00007ffe7439a000 	C:\WINDOWS\System32\GDI32.dll
0x00007ffe74080000 - 0x00007ffe7418b000 	C:\WINDOWS\System32\gdi32full.dll
0x00007ffe73fe0000 - 0x00007ffe7407d000 	C:\WINDOWS\System32\msvcp_win.dll
0x00007ffe74190000 - 0x00007ffe74290000 	C:\WINDOWS\System32\ucrtbase.dll
0x00007ffe61330000 - 0x00007ffe615ca000 	C:\WINDOWS\WinSxS\amd64_microsoft.windows.common-controls_6595b64144ccf1df_6.0.19041.1083_none_60bbe31371f34e71\COMCTL32.dll
0x00007ffe75750000 - 0x00007ffe75780000 	C:\WINDOWS\System32\IMM32.DLL
0x00007ffe69590000 - 0x00007ffe695a5000 	C:\Program Files\Java\jre1.8.0_291\bin\vcruntime140.dll
0x00007ffe4bb50000 - 0x00007ffe4bbeb000 	C:\Program Files\Java\jre1.8.0_291\bin\msvcp140.dll
0x0000000062910000 - 0x0000000063170000 	C:\Program Files\Java\jre1.8.0_291\bin\server\jvm.dll
0x00007ffe743a0000 - 0x00007ffe743a8000 	C:\WINDOWS\System32\PSAPI.DLL
0x00007ffe6dc90000 - 0x00007ffe6dc9a000 	C:\WINDOWS\SYSTEM32\VERSION.dll
0x00007ffe65c80000 - 0x00007ffe65ca7000 	C:\WINDOWS\SYSTEM32\WINMM.dll
0x00007ffe6e550000 - 0x00007ffe6e559000 	C:\WINDOWS\SYSTEM32\WSOCK32.dll
0x00007ffe75120000 - 0x00007ffe7518b000 	C:\WINDOWS\System32\WS2_32.dll
0x00007ffe71960000 - 0x00007ffe71972000 	C:\WINDOWS\SYSTEM32\kernel.appcore.dll
0x00007ffe69a60000 - 0x00007ffe69a70000 	C:\Program Files\Java\jre1.8.0_291\bin\verify.dll
0x00007ffe5eb60000 - 0x00007ffe5eb8b000 	C:\Program Files\Java\jre1.8.0_291\bin\java.dll
0x00007ffe69570000 - 0x00007ffe69588000 	C:\Program Files\Java\jre1.8.0_291\bin\zip.dll
0x00007ffe60c00000 - 0x00007ffe60de4000 	C:\WINDOWS\SYSTEM32\dbghelp.dll
0x00007ffe73a40000 - 0x00007ffe73ac3000 	C:\WINDOWS\System32\bcryptPrimitives.dll

VM Arguments:
jvm_args: -Dfile.encoding=UTF-8 
java_command: db연결.MemberUI
java_class_path (initial): C:\Users\K\eclipse-workspace\day17\bin;C:\Users\K\Downloads\mysql-connector-java-5.1.46.jar
Launcher Type: SUN_STANDARD

Environment Variables:
PATH=C:/Users/K/.p2/pool/plugins/org.eclipse.justj.openjdk.hotspot.jre.full.win32.x86_64_16.0.1.v20210528-1205/jre/bin/server;C:/Users/K/.p2/pool/plugins/org.eclipse.justj.openjdk.hotspot.jre.full.win32.x86_64_16.0.1.v20210528-1205/jre/bin;C:\Program Files (x86)\Common Files\Oracle\Java\javapath;C:\WINDOWS\system32;C:\WINDOWS;C:\WINDOWS\System32\Wbem;C:\WINDOWS\System32\WindowsPowerShell\v1.0\;C:\WINDOWS\System32\OpenSSH\;C:\Users\K\AppData\Local\Microsoft\WindowsApps;C:\Program Files\Bandizip\;;C:\Users\K\Desktop;
USERNAME=K
OS=Windows_NT
PROCESSOR_IDENTIFIER=Intel64 Family 6 Model 165 Stepping 5, GenuineIntel



---------------  S Y S T E M  ---------------

OS: Windows 10.0 , 64 bit Build 19041 (10.0.19041.1023)

CPU:total 12 (initial active 12) (6 cores per cpu, 2 threads per core) family 6 model 165 stepping 5, cmov, cx8, fxsr, mmx, sse, sse2, sse3, ssse3, sse4.1, sse4.2, popcnt, avx, avx2, aes, clmul, erms, 3dnowpref, lzcnt, ht, tsc, tscinvbit, bmi1, bmi2, adx

Memory: 4k page, physical 16682476k(5358664k free), swap 47791472k(4436k free)

vm_info: Java HotSpot(TM) 64-Bit Server VM (25.291-b10) for windows-amd64 JRE (1.8.0_291-b10), built on Apr  9 2021 00:02:00 by "java_re" with MS VC++ 15.9 (VS2017)

time: Wed Jul 14 17:26:17 2021
timezone: 대한민국 표준시
elapsed time: 0.186091 seconds (0d 0h 0m 0s)

